
10월 05, 2021 10:43:49.105 NEW SESSION
10월 05, 2021 10:43:49.105 [21396:22456:1005/104349.104:ERROR:chrome_browser_main_extra_parts_metrics.cc(228)] crbug.com/1216328: Checking Bluetooth availability started. Please report if there is no report that this ends.
10월 05, 2021 10:43:49.105 [21396:22456:1005/104349.104:ERROR:chrome_browser_main_extra_parts_metrics.cc(231)] crbug.com/1216328: Checking Bluetooth availability ended.
10월 05, 2021 10:43:49.105 [21396:22456:1005/104349.104:ERROR:chrome_browser_main_extra_parts_metrics.cc(234)] crbug.com/1216328: Checking default browser status started. Please report if there is no report that this ends.
10월 05, 2021 10:43:49.106 [21396:22456:1005/104349.104:ERROR:chrome_browser_main_extra_parts_metrics.cc(238)] crbug.com/1216328: Checking default browser status ended.
10월 05, 2021 10:43:49.108 [21396:5268:1005/104349.107:ERROR:device_event_log_impl.cc(214)] [10:43:49.107] USB: usb_device_handle_win.cc:1048 Failed to read descriptor from node connection: 시스템에 부착된 장치가 작동하지 않습니다. (0x1F)
10월 05, 2021 10:43:49.114 [21396:5268:1005/104349.114:ERROR:device_event_log_impl.cc(214)] [10:43:49.114] Bluetooth: bluetooth_adapter_winrt.cc:1073 Getting Default Adapter failed.
10월 05, 2021 10:44:10.161 [17552:11560:1005/104410.160:ERROR:chrome_browser_main_extra_parts_metrics.cc(228)] crbug.com/1216328: Checking Bluetooth availability started. Please report if there is no report that this ends.
10월 05, 2021 10:44:10.161 [17552:11560:1005/104410.160:ERROR:chrome_browser_main_extra_parts_metrics.cc(231)] crbug.com/1216328: Checking Bluetooth availability ended.
10월 05, 2021 10:44:10.161 [17552:11560:1005/104410.160:ERROR:chrome_browser_main_extra_parts_metrics.cc(234)] crbug.com/1216328: Checking default browser status started. Please report if there is no report that this ends.
10월 05, 2021 10:44:10.162 [17552:11560:1005/104410.161:ERROR:chrome_browser_main_extra_parts_metrics.cc(238)] crbug.com/1216328: Checking default browser status ended.
10월 05, 2021 10:44:10.164 [17552:15976:1005/104410.163:ERROR:device_event_log_impl.cc(214)] [10:44:10.163] USB: usb_device_handle_win.cc:1048 Failed to read descriptor from node connection: 시스템에 부착된 장치가 작동하지 않습니다. (0x1F)
10월 05, 2021 10:44:10.170 [17552:15976:1005/104410.170:ERROR:device_event_log_impl.cc(214)] [10:44:10.169] Bluetooth: bluetooth_adapter_winrt.cc:1073 Getting Default Adapter failed.
10월 05, 2021 10:44:17.205 [6036:12720:1005/104417.204:ERROR:chrome_browser_main_extra_parts_metrics.cc(228)] crbug.com/1216328: Checking Bluetooth availability started. Please report if there is no report that this ends.
10월 05, 2021 10:44:17.205 [6036:12720:1005/104417.204:ERROR:chrome_browser_main_extra_parts_metrics.cc(231)] crbug.com/1216328: Checking Bluetooth availability ended.
10월 05, 2021 10:44:17.205 [6036:12720:1005/104417.204:ERROR:chrome_browser_main_extra_parts_metrics.cc(234)] crbug.com/1216328: Checking default browser status started. Please report if there is no report that this ends.
10월 05, 2021 10:44:17.206 [6036:12720:1005/104417.206:ERROR:chrome_browser_main_extra_parts_metrics.cc(238)] crbug.com/1216328: Checking default browser status ended.
10월 05, 2021 10:44:17.207 [6036:19612:1005/104417.207:ERROR:device_event_log_impl.cc(214)] [10:44:17.207] USB: usb_device_handle_win.cc:1048 Failed to read descriptor from node connection: 시스템에 부착된 장치가 작동하지 않습니다. (0x1F)
10월 05, 2021 10:44:17.214 [6036:19612:1005/104417.214:ERROR:device_event_log_impl.cc(214)] [10:44:17.214] Bluetooth: bluetooth_adapter_winrt.cc:1073 Getting Default Adapter failed.
10월 05, 2021 10:58:18.111 [23168:3668:1005/105818.110:ERROR:chrome_browser_main_extra_parts_metrics.cc(228)] crbug.com/1216328: Checking Bluetooth availability started. Please report if there is no report that this ends.
10월 05, 2021 10:58:18.111 [23168:3668:1005/105818.110:ERROR:chrome_browser_main_extra_parts_metrics.cc(231)] crbug.com/1216328: Checking Bluetooth availability ended.
10월 05, 2021 10:58:18.111 [23168:3668:1005/105818.110:ERROR:chrome_browser_main_extra_parts_metrics.cc(234)] crbug.com/1216328: Checking default browser status started. Please report if there is no report that this ends.
10월 05, 2021 10:58:18.111 [23168:3668:1005/105818.111:ERROR:chrome_browser_main_extra_parts_metrics.cc(238)] crbug.com/1216328: Checking default browser status ended.
10월 05, 2021 10:58:18.114 [23168:11644:1005/105818.114:ERROR:device_event_log_impl.cc(214)] [10:58:18.115] USB: usb_device_handle_win.cc:1048 Failed to read descriptor from node connection: 시스템에 부착된 장치가 작동하지 않습니다. (0x1F)
10월 05, 2021 10:58:18.121 [23168:11644:1005/105818.120:ERROR:device_event_log_impl.cc(214)] [10:58:18.121] Bluetooth: bluetooth_adapter_winrt.cc:1073 Getting Default Adapter failed.

10월 05, 2021 17:45:46.613 NEW SESSION
10월 05, 2021 17:45:46.613 [11488:23744:1005/174546.612:ERROR:chrome_browser_main_extra_parts_metrics.cc(228)] crbug.com/1216328: Checking Bluetooth availability started. Please report if there is no report that this ends.
10월 05, 2021 17:45:46.613 [11488:23744:1005/174546.612:ERROR:chrome_browser_main_extra_parts_metrics.cc(231)] crbug.com/1216328: Checking Bluetooth availability ended.
10월 05, 2021 17:45:46.613 [11488:23744:1005/174546.612:ERROR:chrome_browser_main_extra_parts_metrics.cc(234)] crbug.com/1216328: Checking default browser status started. Please report if there is no report that this ends.
10월 05, 2021 17:45:46.613 [11488:23744:1005/174546.613:ERROR:chrome_browser_main_extra_parts_metrics.cc(238)] crbug.com/1216328: Checking default browser status ended.
10월 05, 2021 17:45:46.614 [11488:14288:1005/174546.614:ERROR:device_event_log_impl.cc(214)] [17:45:46.614] USB: usb_device_handle_win.cc:1048 Failed to read descriptor from node connection: 시스템에 부착된 장치가 작동하지 않습니다. (0x1F)
10월 05, 2021 17:45:46.621 [11488:14288:1005/174546.620:ERROR:device_event_log_impl.cc(214)] [17:45:46.621] Bluetooth: bluetooth_adapter_winrt.cc:1073 Getting Default Adapter failed.
10월 05, 2021 19:22:45.525 [25104:26652:1005/192245.524:ERROR:chrome_browser_main_extra_parts_metrics.cc(228)] crbug.com/1216328: Checking Bluetooth availability started. Please report if there is no report that this ends.
10월 05, 2021 19:22:45.525 [25104:26652:1005/192245.524:ERROR:chrome_browser_main_extra_parts_metrics.cc(231)] crbug.com/1216328: Checking Bluetooth availability ended.
10월 05, 2021 19:22:45.525 [25104:26652:1005/192245.524:ERROR:chrome_browser_main_extra_parts_metrics.cc(234)] crbug.com/1216328: Checking default browser status started. Please report if there is no report that this ends.
10월 05, 2021 19:22:45.525 [25104:26652:1005/192245.525:ERROR:chrome_browser_main_extra_parts_metrics.cc(238)] crbug.com/1216328: Checking default browser status ended.
10월 05, 2021 19:22:45.527 [25104:28188:1005/192245.527:ERROR:device_event_log_impl.cc(214)] [19:22:45.527] USB: usb_device_handle_win.cc:1048 Failed to read descriptor from node connection: 시스템에 부착된 장치가 작동하지 않습니다. (0x1F)
10월 05, 2021 19:22:45.535 [25104:28188:1005/192245.535:ERROR:device_event_log_impl.cc(214)] [19:22:45.535] Bluetooth: bluetooth_adapter_winrt.cc:1073 Getting Default Adapter failed.

10월 06, 2021 17:57:32.528 NEW SESSION
10월 06, 2021 17:57:32.528 [12148:13104:1006/175732.526:ERROR:chrome_browser_main_extra_parts_metrics.cc(228)] crbug.com/1216328: Checking Bluetooth availability started. Please report if there is no report that this ends.
10월 06, 2021 17:57:32.528 [12148:13104:1006/175732.526:ERROR:chrome_browser_main_extra_parts_metrics.cc(231)] crbug.com/1216328: Checking Bluetooth availability ended.
10월 06, 2021 17:57:32.528 [12148:13104:1006/175732.526:ERROR:chrome_browser_main_extra_parts_metrics.cc(234)] crbug.com/1216328: Checking default browser status started. Please report if there is no report that this ends.
10월 06, 2021 17:57:32.528 [12148:13104:1006/175732.528:ERROR:chrome_browser_main_extra_parts_metrics.cc(238)] crbug.com/1216328: Checking default browser status ended.
10월 06, 2021 17:57:32.529 [12148:12068:1006/175732.529:ERROR:device_event_log_impl.cc(214)] [17:57:32.529] USB: usb_device_handle_win.cc:1048 Failed to read descriptor from node connection: 시스템에 부착된 장치가 작동하지 않습니다. (0x1F)
10월 06, 2021 17:57:32.537 [12148:12068:1006/175732.537:ERROR:device_event_log_impl.cc(214)] [17:57:32.537] Bluetooth: bluetooth_adapter_winrt.cc:1073 Getting Default Adapter failed.

10월 12, 2021 09:30:55.840 NEW SESSION
10월 12, 2021 09:30:55.840 [18700:8276:1012/093055.838:ERROR:chrome_browser_main_extra_parts_metrics.cc(228)] crbug.com/1216328: Checking Bluetooth availability started. Please report if there is no report that this ends.
10월 12, 2021 09:30:55.840 [18700:8276:1012/093055.838:ERROR:chrome_browser_main_extra_parts_metrics.cc(231)] crbug.com/1216328: Checking Bluetooth availability ended.
10월 12, 2021 09:30:55.840 [18700:8276:1012/093055.838:ERROR:chrome_browser_main_extra_parts_metrics.cc(234)] crbug.com/1216328: Checking default browser status started. Please report if there is no report that this ends.
10월 12, 2021 09:30:55.840 [18700:8276:1012/093055.839:ERROR:chrome_browser_main_extra_parts_metrics.cc(238)] crbug.com/1216328: Checking default browser status ended.
10월 12, 2021 09:30:55.842 [18700:6036:1012/093055.842:ERROR:device_event_log_impl.cc(214)] [09:30:55.841] USB: usb_device_handle_win.cc:1048 Failed to read descriptor from node connection: 시스템에 부착된 장치가 작동하지 않습니다. (0x1F)
10월 12, 2021 09:30:55.850 [18700:6036:1012/093055.850:ERROR:device_event_log_impl.cc(214)] [09:30:55.850] Bluetooth: bluetooth_adapter_winrt.cc:1073 Getting Default Adapter failed.
10월 12, 2021 10:42:40.702 [18700:13248:1012/104240.702:ERROR:database.cc(1761)] Passwords SQLite error: code 2067 errno 0: UNIQUE constraint failed: logins.origin_url, logins.username_element, logins.username_value, logins.password_element, logins.signon_realm sql: INSERT INTO logins (origin_url, action_url, username_element, username_value, password_element, password_value, submit_element, signon_realm, date_created, blacklisted_by_user, scheme, password_type, times_used, form_data, display_name, icon_url, federation_url, skip_zero_click, generation_upload_status, possible_username_pairs, id, date_last_used, moving_blocked_for, date_password_modified) VALUES (?,?,?,?,?,?,?,?,?,?,?,?,?,?,?,?,?,?,?,?,?,?,?,?)

10월 12, 2021 10:58:42.734 NEW SESSION
10월 12, 2021 10:58:42.734 [18704:16744:1012/105842.732:ERROR:chrome_browser_main_extra_parts_metrics.cc(228)] crbug.com/1216328: Checking Bluetooth availability started. Please report if there is no report that this ends.
10월 12, 2021 10:58:42.734 [18704:16744:1012/105842.732:ERROR:chrome_browser_main_extra_parts_metrics.cc(231)] crbug.com/1216328: Checking Bluetooth availability ended.
10월 12, 2021 10:58:42.734 [18704:16744:1012/105842.733:ERROR:chrome_browser_main_extra_parts_metrics.cc(234)] crbug.com/1216328: Checking default browser status started. Please report if there is no report that this ends.
10월 12, 2021 10:58:42.734 [18704:16744:1012/105842.734:ERROR:chrome_browser_main_extra_parts_metrics.cc(238)] crbug.com/1216328: Checking default browser status ended.
10월 12, 2021 10:58:42.735 [18704:13468:1012/105842.735:ERROR:device_event_log_impl.cc(214)] [10:58:42.735] USB: usb_device_handle_win.cc:1048 Failed to read descriptor from node connection: 시스템에 부착된 장치가 작동하지 않습니다. (0x1F)
10월 12, 2021 10:58:42.742 [18704:13468:1012/105842.742:ERROR:device_event_log_impl.cc(214)] [10:58:42.742] Bluetooth: bluetooth_adapter_winrt.cc:1073 Getting Default Adapter failed.
10월 12, 2021 11:02:58.118 [2240:21916:1012/110258.118:ERROR:chrome_browser_main_extra_parts_metrics.cc(228)] crbug.com/1216328: Checking Bluetooth availability started. Please report if there is no report that this ends.
10월 12, 2021 11:02:58.118 [2240:21916:1012/110258.118:ERROR:chrome_browser_main_extra_parts_metrics.cc(231)] crbug.com/1216328: Checking Bluetooth availability ended.
10월 12, 2021 11:02:58.118 [2240:21916:1012/110258.118:ERROR:chrome_browser_main_extra_parts_metrics.cc(234)] crbug.com/1216328: Checking default browser status started. Please report if there is no report that this ends.
10월 12, 2021 11:02:58.119 [2240:21916:1012/110258.118:ERROR:chrome_browser_main_extra_parts_metrics.cc(238)] crbug.com/1216328: Checking default browser status ended.
10월 12, 2021 11:02:58.120 [2240:21864:1012/110258.120:ERROR:device_event_log_impl.cc(214)] [11:02:58.120] USB: usb_device_handle_win.cc:1048 Failed to read descriptor from node connection: 시스템에 부착된 장치가 작동하지 않습니다. (0x1F)
10월 12, 2021 11:02:58.128 [2240:21864:1012/110258.128:ERROR:device_event_log_impl.cc(214)] [11:02:58.127] Bluetooth: bluetooth_adapter_winrt.cc:1073 Getting Default Adapter failed.
10월 12, 2021 11:05:53.457 [11428:7016:1012/110553.456:ERROR:chrome_browser_main_extra_parts_metrics.cc(228)] crbug.com/1216328: Checking Bluetooth availability started. Please report if there is no report that this ends.
10월 12, 2021 11:05:53.457 [11428:7016:1012/110553.456:ERROR:chrome_browser_main_extra_parts_metrics.cc(231)] crbug.com/1216328: Checking Bluetooth availability ended.
10월 12, 2021 11:05:53.457 [11428:7016:1012/110553.456:ERROR:chrome_browser_main_extra_parts_metrics.cc(234)] crbug.com/1216328: Checking default browser status started. Please report if there is no report that this ends.
10월 12, 2021 11:05:53.458 [11428:7016:1012/110553.457:ERROR:chrome_browser_main_extra_parts_metrics.cc(238)] crbug.com/1216328: Checking default browser status ended.
10월 12, 2021 11:05:53.459 [11428:14636:1012/110553.459:ERROR:device_event_log_impl.cc(214)] [11:05:53.458] USB: usb_device_handle_win.cc:1048 Failed to read descriptor from node connection: 시스템에 부착된 장치가 작동하지 않습니다. (0x1F)
10월 12, 2021 11:05:53.465 [11428:14636:1012/110553.465:ERROR:device_event_log_impl.cc(214)] [11:05:53.465] Bluetooth: bluetooth_adapter_winrt.cc:1073 Getting Default Adapter failed.
10월 12, 2021 11:05:59.998 [11428:8044:1012/110559.998:ERROR:database.cc(1761)] Passwords SQLite error: code 2067 errno 0: UNIQUE constraint failed: logins.origin_url, logins.username_element, logins.username_value, logins.password_element, logins.signon_realm sql: INSERT INTO logins (origin_url, action_url, username_element, username_value, password_element, password_value, submit_element, signon_realm, date_created, blacklisted_by_user, scheme, password_type, times_used, form_data, display_name, icon_url, federation_url, skip_zero_click, generation_upload_status, possible_username_pairs, id, date_last_used, moving_blocked_for, date_password_modified) VALUES (?,?,?,?,?,?,?,?,?,?,?,?,?,?,?,?,?,?,?,?,?,?,?,?)
10월 12, 2021 11:06:42.644 [3588:20852:1012/110642.643:ERROR:chrome_browser_main_extra_parts_metrics.cc(228)] crbug.com/1216328: Checking Bluetooth availability started. Please report if there is no report that this ends.
10월 12, 2021 11:06:42.644 [3588:20852:1012/110642.643:ERROR:chrome_browser_main_extra_parts_metrics.cc(231)] crbug.com/1216328: Checking Bluetooth availability ended.
10월 12, 2021 11:06:42.644 [3588:20852:1012/110642.643:ERROR:chrome_browser_main_extra_parts_metrics.cc(234)] crbug.com/1216328: Checking default browser status started. Please report if there is no report that this ends.
10월 12, 2021 11:06:42.645 [3588:20852:1012/110642.644:ERROR:chrome_browser_main_extra_parts_metrics.cc(238)] crbug.com/1216328: Checking default browser status ended.
10월 12, 2021 11:06:42.646 [3588:22388:1012/110642.645:ERROR:device_event_log_impl.cc(214)] [11:06:42.644] USB: usb_device_handle_win.cc:1048 Failed to read descriptor from node connection: 시스템에 부착된 장치가 작동하지 않습니다. (0x1F)
10월 12, 2021 11:06:42.651 [3588:22388:1012/110642.651:ERROR:device_event_log_impl.cc(214)] [11:06:42.651] Bluetooth: bluetooth_adapter_winrt.cc:1073 Getting Default Adapter failed.
10월 12, 2021 11:06:49.135 [3588:21748:1012/110649.135:ERROR:database.cc(1761)] Passwords SQLite error: code 2067 errno 0: UNIQUE constraint failed: logins.origin_url, logins.username_element, logins.username_value, logins.password_element, logins.signon_realm sql: INSERT INTO logins (origin_url, action_url, username_element, username_value, password_element, password_value, submit_element, signon_realm, date_created, blacklisted_by_user, scheme, password_type, times_used, form_data, display_name, icon_url, federation_url, skip_zero_click, generation_upload_status, possible_username_pairs, id, date_last_used, moving_blocked_for, date_password_modified) VALUES (?,?,?,?,?,?,?,?,?,?,?,?,?,?,?,?,?,?,?,?,?,?,?,?)
